<?xml version="1.0" encoding="utf-8"?><testsuites name="pytest tests"><testsuite name="pytest" errors="54" failures="0" skipped="0" tests="54" time="2.329" timestamp="2025-11-14T10:55:02.231811+01:00" hostname="DESKTOP-K4QP85G"><testcase classname="" name="test_settings" time="0.000"><error message="collection failure">ImportError while importing test module 'F:\VS Code Workspace\Main\novapolis_agent\test_settings.py'.
Hint: make sure your test modules/packages have valid Python names.
Traceback:
C:\Users\FloAu\AppData\Local\Programs\Python\Python313\Lib\importlib\__init__.py:88: in import_module
    return _bootstrap._gcd_import(name[level:], package, level)
           ^^^^^^^^^^^^^^^^^^^^^^^^^^^^^^^^^^^^^^^^^^^^^^^^^^^^
test_settings.py:6: in &lt;module&gt;
    from app.core.settings import settings
app\core\settings.py:8: in &lt;module&gt;
    from pydantic_settings import BaseSettings, SettingsConfigDict
E   ModuleNotFoundError: No module named 'pydantic_settings'</error></testcase><testcase classname="" name="tests.scripts.test_map_reduce_summary_llm_smoke" time="0.000"><error message="collection failure">ImportError while importing test module 'F:\VS Code Workspace\Main\novapolis_agent\tests\scripts\test_map_reduce_summary_llm_smoke.py'.
Hint: make sure your test modules/packages have valid Python names.
Traceback:
C:\Users\FloAu\AppData\Local\Programs\Python\Python313\Lib\importlib\__init__.py:88: in import_module
    return _bootstrap._gcd_import(name[level:], package, level)
           ^^^^^^^^^^^^^^^^^^^^^^^^^^^^^^^^^^^^^^^^^^^^^^^^^^^^
tests\scripts\test_map_reduce_summary_llm_smoke.py:5: in &lt;module&gt;
    from scripts import map_reduce_summary_llm as mrl
scripts\map_reduce_summary_llm.py:88: in &lt;module&gt;
    from app.core.settings import settings  # noqa: E402
    ^^^^^^^^^^^^^^^^^^^^^^^^^^^^^^^^^^^^^^
app\core\settings.py:8: in &lt;module&gt;
    from pydantic_settings import BaseSettings, SettingsConfigDict
E   ModuleNotFoundError: No module named 'pydantic_settings'</error></testcase><testcase classname="" name="tests.test_api_chat_internal_branches" time="0.000"><error message="collection failure">ImportError while importing test module 'F:\VS Code Workspace\Main\novapolis_agent\tests\test_api_chat_internal_branches.py'.
Hint: make sure your test modules/packages have valid Python names.
Traceback:
C:\Users\FloAu\AppData\Local\Programs\Python\Python313\Lib\importlib\__init__.py:88: in import_module
    return _bootstrap._gcd_import(name[level:], package, level)
           ^^^^^^^^^^^^^^^^^^^^^^^^^^^^^^^^^^^^^^^^^^^^^^^^^^^^
tests\test_api_chat_internal_branches.py:9: in &lt;module&gt;
    from app.api.models import ChatRequest
app\api\__init__.py:5: in &lt;module&gt;
    from . import sim
app\api\sim.py:6: in &lt;module&gt;
    import uvicorn
E   ModuleNotFoundError: No module named 'uvicorn'</error></testcase><testcase classname="" name="tests.test_api_health" time="0.000"><error message="collection failure">ImportError while importing test module 'F:\VS Code Workspace\Main\novapolis_agent\tests\test_api_health.py'.
Hint: make sure your test modules/packages have valid Python names.
Traceback:
C:\Users\FloAu\AppData\Local\Programs\Python\Python313\Lib\importlib\__init__.py:88: in import_module
    return _bootstrap._gcd_import(name[level:], package, level)
           ^^^^^^^^^^^^^^^^^^^^^^^^^^^^^^^^^^^^^^^^^^^^^^^^^^^^
tests\test_api_health.py:6: in &lt;module&gt;
    from app.main import app
app\main.py:12: in &lt;module&gt;
    import fastapi as _fastapi
E   ModuleNotFoundError: No module named 'fastapi'</error></testcase><testcase classname="" name="tests.test_api_sim_state" time="0.000"><error message="collection failure">ImportError while importing test module 'F:\VS Code Workspace\Main\novapolis_agent\tests\test_api_sim_state.py'.
Hint: make sure your test modules/packages have valid Python names.
Traceback:
C:\Users\FloAu\AppData\Local\Programs\Python\Python313\Lib\importlib\__init__.py:88: in import_module
    return _bootstrap._gcd_import(name[level:], package, level)
           ^^^^^^^^^^^^^^^^^^^^^^^^^^^^^^^^^^^^^^^^^^^^^^^^^^^^
tests\test_api_sim_state.py:4: in &lt;module&gt;
    from app.api import sim
app\api\__init__.py:5: in &lt;module&gt;
    from . import sim
app\api\sim.py:6: in &lt;module&gt;
    import uvicorn
E   ModuleNotFoundError: No module named 'uvicorn'</error></testcase><testcase classname="" name="tests.test_app_404_request_id" time="0.000"><error message="collection failure">ImportError while importing test module 'F:\VS Code Workspace\Main\novapolis_agent\tests\test_app_404_request_id.py'.
Hint: make sure your test modules/packages have valid Python names.
Traceback:
C:\Users\FloAu\AppData\Local\Programs\Python\Python313\Lib\importlib\__init__.py:88: in import_module
    return _bootstrap._gcd_import(name[level:], package, level)
           ^^^^^^^^^^^^^^^^^^^^^^^^^^^^^^^^^^^^^^^^^^^^^^^^^^^^
tests\test_app_404_request_id.py:6: in &lt;module&gt;
    from fastapi.testclient import TestClient
E   ModuleNotFoundError: No module named 'fastapi'</error></testcase><testcase classname="" name="tests.test_app_chat_post_error" time="0.000"><error message="collection failure">ImportError while importing test module 'F:\VS Code Workspace\Main\novapolis_agent\tests\test_app_chat_post_error.py'.
Hint: make sure your test modules/packages have valid Python names.
Traceback:
C:\Users\FloAu\AppData\Local\Programs\Python\Python313\Lib\importlib\__init__.py:88: in import_module
    return _bootstrap._gcd_import(name[level:], package, level)
           ^^^^^^^^^^^^^^^^^^^^^^^^^^^^^^^^^^^^^^^^^^^^^^^^^^^^
tests\test_app_chat_post_error.py:6: in &lt;module&gt;
    from fastapi.testclient import TestClient
E   ModuleNotFoundError: No module named 'fastapi'</error></testcase><testcase classname="" name="tests.test_app_chat_post_happy" time="0.000"><error message="collection failure">ImportError while importing test module 'F:\VS Code Workspace\Main\novapolis_agent\tests\test_app_chat_post_happy.py'.
Hint: make sure your test modules/packages have valid Python names.
Traceback:
C:\Users\FloAu\AppData\Local\Programs\Python\Python313\Lib\importlib\__init__.py:88: in import_module
    return _bootstrap._gcd_import(name[level:], package, level)
           ^^^^^^^^^^^^^^^^^^^^^^^^^^^^^^^^^^^^^^^^^^^^^^^^^^^^
tests\test_app_chat_post_happy.py:6: in &lt;module&gt;
    from app.main import app
app\main.py:12: in &lt;module&gt;
    import fastapi as _fastapi
E   ModuleNotFoundError: No module named 'fastapi'</error></testcase><testcase classname="" name="tests.test_app_chat_post_internal_error" time="0.000"><error message="collection failure">ImportError while importing test module 'F:\VS Code Workspace\Main\novapolis_agent\tests\test_app_chat_post_internal_error.py'.
Hint: make sure your test modules/packages have valid Python names.
Traceback:
C:\Users\FloAu\AppData\Local\Programs\Python\Python313\Lib\importlib\__init__.py:88: in import_module
    return _bootstrap._gcd_import(name[level:], package, level)
           ^^^^^^^^^^^^^^^^^^^^^^^^^^^^^^^^^^^^^^^^^^^^^^^^^^^^
tests\test_app_chat_post_internal_error.py:5: in &lt;module&gt;
    import app.main as app_main
app\main.py:12: in &lt;module&gt;
    import fastapi as _fastapi
E   ModuleNotFoundError: No module named 'fastapi'</error></testcase><testcase classname="" name="tests.test_app_chat_stream_error" time="0.000"><error message="collection failure">ImportError while importing test module 'F:\VS Code Workspace\Main\novapolis_agent\tests\test_app_chat_stream_error.py'.
Hint: make sure your test modules/packages have valid Python names.
Traceback:
C:\Users\FloAu\AppData\Local\Programs\Python\Python313\Lib\importlib\__init__.py:88: in import_module
    return _bootstrap._gcd_import(name[level:], package, level)
           ^^^^^^^^^^^^^^^^^^^^^^^^^^^^^^^^^^^^^^^^^^^^^^^^^^^^
tests\test_app_chat_stream_error.py:6: in &lt;module&gt;
    from fastapi.testclient import TestClient
E   ModuleNotFoundError: No module named 'fastapi'</error></testcase><testcase classname="" name="tests.test_app_docs_available" time="0.000"><error message="collection failure">ImportError while importing test module 'F:\VS Code Workspace\Main\novapolis_agent\tests\test_app_docs_available.py'.
Hint: make sure your test modules/packages have valid Python names.
Traceback:
C:\Users\FloAu\AppData\Local\Programs\Python\Python313\Lib\importlib\__init__.py:88: in import_module
    return _bootstrap._gcd_import(name[level:], package, level)
           ^^^^^^^^^^^^^^^^^^^^^^^^^^^^^^^^^^^^^^^^^^^^^^^^^^^^
tests\test_app_docs_available.py:6: in &lt;module&gt;
    from fastapi.testclient import TestClient
E   ModuleNotFoundError: No module named 'fastapi'</error></testcase><testcase classname="" name="tests.test_app_health_request_id" time="0.000"><error message="collection failure">ImportError while importing test module 'F:\VS Code Workspace\Main\novapolis_agent\tests\test_app_health_request_id.py'.
Hint: make sure your test modules/packages have valid Python names.
Traceback:
C:\Users\FloAu\AppData\Local\Programs\Python\Python313\Lib\importlib\__init__.py:88: in import_module
    return _bootstrap._gcd_import(name[level:], package, level)
           ^^^^^^^^^^^^^^^^^^^^^^^^^^^^^^^^^^^^^^^^^^^^^^^^^^^^
tests\test_app_health_request_id.py:6: in &lt;module&gt;
    from fastapi.testclient import TestClient
E   ModuleNotFoundError: No module named 'fastapi'</error></testcase><testcase classname="" name="tests.test_app_rate_limit_headers" time="0.000"><error message="collection failure">ImportError while importing test module 'F:\VS Code Workspace\Main\novapolis_agent\tests\test_app_rate_limit_headers.py'.
Hint: make sure your test modules/packages have valid Python names.
Traceback:
C:\Users\FloAu\AppData\Local\Programs\Python\Python313\Lib\importlib\__init__.py:88: in import_module
    return _bootstrap._gcd_import(name[level:], package, level)
           ^^^^^^^^^^^^^^^^^^^^^^^^^^^^^^^^^^^^^^^^^^^^^^^^^^^^
tests\test_app_rate_limit_headers.py:6: in &lt;module&gt;
    from fastapi.testclient import TestClient
E   ModuleNotFoundError: No module named 'fastapi'</error></testcase><testcase classname="" name="tests.test_app_redoc_available" time="0.000"><error message="collection failure">ImportError while importing test module 'F:\VS Code Workspace\Main\novapolis_agent\tests\test_app_redoc_available.py'.
Hint: make sure your test modules/packages have valid Python names.
Traceback:
C:\Users\FloAu\AppData\Local\Programs\Python\Python313\Lib\importlib\__init__.py:88: in import_module
    return _bootstrap._gcd_import(name[level:], package, level)
           ^^^^^^^^^^^^^^^^^^^^^^^^^^^^^^^^^^^^^^^^^^^^^^^^^^^^
tests\test_app_redoc_available.py:6: in &lt;module&gt;
    from fastapi.testclient import TestClient
E   ModuleNotFoundError: No module named 'fastapi'</error></testcase><testcase classname="" name="tests.test_app_request_id_on_400" time="0.000"><error message="collection failure">ImportError while importing test module 'F:\VS Code Workspace\Main\novapolis_agent\tests\test_app_request_id_on_400.py'.
Hint: make sure your test modules/packages have valid Python names.
Traceback:
C:\Users\FloAu\AppData\Local\Programs\Python\Python313\Lib\importlib\__init__.py:88: in import_module
    return _bootstrap._gcd_import(name[level:], package, level)
           ^^^^^^^^^^^^^^^^^^^^^^^^^^^^^^^^^^^^^^^^^^^^^^^^^^^^
tests\test_app_request_id_on_400.py:6: in &lt;module&gt;
    from fastapi.testclient import TestClient
E   ModuleNotFoundError: No module named 'fastapi'</error></testcase><testcase classname="" name="tests.test_app_root_endpoint" time="0.000"><error message="collection failure">ImportError while importing test module 'F:\VS Code Workspace\Main\novapolis_agent\tests\test_app_root_endpoint.py'.
Hint: make sure your test modules/packages have valid Python names.
Traceback:
C:\Users\FloAu\AppData\Local\Programs\Python\Python313\Lib\importlib\__init__.py:88: in import_module
    return _bootstrap._gcd_import(name[level:], package, level)
           ^^^^^^^^^^^^^^^^^^^^^^^^^^^^^^^^^^^^^^^^^^^^^^^^^^^^
tests\test_app_root_endpoint.py:6: in &lt;module&gt;
    from fastapi.testclient import TestClient
E   ModuleNotFoundError: No module named 'fastapi'</error></testcase><testcase classname="" name="tests.test_app_root_message" time="0.000"><error message="collection failure">ImportError while importing test module 'F:\VS Code Workspace\Main\novapolis_agent\tests\test_app_root_message.py'.
Hint: make sure your test modules/packages have valid Python names.
Traceback:
C:\Users\FloAu\AppData\Local\Programs\Python\Python313\Lib\importlib\__init__.py:88: in import_module
    return _bootstrap._gcd_import(name[level:], package, level)
           ^^^^^^^^^^^^^^^^^^^^^^^^^^^^^^^^^^^^^^^^^^^^^^^^^^^^
tests\test_app_root_message.py:6: in &lt;module&gt;
    from fastapi.testclient import TestClient
E   ModuleNotFoundError: No module named 'fastapi'</error></testcase><testcase classname="" name="tests.test_app_root_request_id" time="0.000"><error message="collection failure">ImportError while importing test module 'F:\VS Code Workspace\Main\novapolis_agent\tests\test_app_root_request_id.py'.
Hint: make sure your test modules/packages have valid Python names.
Traceback:
C:\Users\FloAu\AppData\Local\Programs\Python\Python313\Lib\importlib\__init__.py:88: in import_module
    return _bootstrap._gcd_import(name[level:], package, level)
           ^^^^^^^^^^^^^^^^^^^^^^^^^^^^^^^^^^^^^^^^^^^^^^^^^^^^
tests\test_app_root_request_id.py:6: in &lt;module&gt;
    from fastapi.testclient import TestClient
E   ModuleNotFoundError: No module named 'fastapi'</error></testcase><testcase classname="" name="tests.test_app_version_endpoint" time="0.000"><error message="collection failure">ImportError while importing test module 'F:\VS Code Workspace\Main\novapolis_agent\tests\test_app_version_endpoint.py'.
Hint: make sure your test modules/packages have valid Python names.
Traceback:
C:\Users\FloAu\AppData\Local\Programs\Python\Python313\Lib\importlib\__init__.py:88: in import_module
    return _bootstrap._gcd_import(name[level:], package, level)
           ^^^^^^^^^^^^^^^^^^^^^^^^^^^^^^^^^^^^^^^^^^^^^^^^^^^^
tests\test_app_version_endpoint.py:6: in &lt;module&gt;
    from fastapi.testclient import TestClient
E   ModuleNotFoundError: No module named 'fastapi'</error></testcase><testcase classname="" name="tests.test_chat_endpoint_prompt_injection" time="0.000"><error message="collection failure">ImportError while importing test module 'F:\VS Code Workspace\Main\novapolis_agent\tests\test_chat_endpoint_prompt_injection.py'.
Hint: make sure your test modules/packages have valid Python names.
Traceback:
C:\Users\FloAu\AppData\Local\Programs\Python\Python313\Lib\importlib\__init__.py:88: in import_module
    return _bootstrap._gcd_import(name[level:], package, level)
           ^^^^^^^^^^^^^^^^^^^^^^^^^^^^^^^^^^^^^^^^^^^^^^^^^^^^
tests\test_chat_endpoint_prompt_injection.py:6: in &lt;module&gt;
    import app.api.chat as chat_module
app\api\__init__.py:5: in &lt;module&gt;
    from . import sim
app\api\sim.py:6: in &lt;module&gt;
    import uvicorn
E   ModuleNotFoundError: No module named 'uvicorn'</error></testcase><testcase classname="" name="tests.test_chat_helpers_and_options" time="0.000"><error message="collection failure">ImportError while importing test module 'F:\VS Code Workspace\Main\novapolis_agent\tests\test_chat_helpers_and_options.py'.
Hint: make sure your test modules/packages have valid Python names.
Traceback:
C:\Users\FloAu\AppData\Local\Programs\Python\Python313\Lib\importlib\__init__.py:88: in import_module
    return _bootstrap._gcd_import(name[level:], package, level)
           ^^^^^^^^^^^^^^^^^^^^^^^^^^^^^^^^^^^^^^^^^^^^^^^^^^^^
tests\test_chat_helpers_and_options.py:8: in &lt;module&gt;
    from app.api.models import ChatRequest
app\api\__init__.py:5: in &lt;module&gt;
    from . import sim
app\api\sim.py:6: in &lt;module&gt;
    import uvicorn
E   ModuleNotFoundError: No module named 'uvicorn'</error></testcase><testcase classname="" name="tests.test_chat_options_and_context" time="0.000"><error message="collection failure">ImportError while importing test module 'F:\VS Code Workspace\Main\novapolis_agent\tests\test_chat_options_and_context.py'.
Hint: make sure your test modules/packages have valid Python names.
Traceback:
C:\Users\FloAu\AppData\Local\Programs\Python\Python313\Lib\importlib\__init__.py:88: in import_module
    return _bootstrap._gcd_import(name[level:], package, level)
           ^^^^^^^^^^^^^^^^^^^^^^^^^^^^^^^^^^^^^^^^^^^^^^^^^^^^
tests\test_chat_options_and_context.py:6: in &lt;module&gt;
    import app.api.chat as chat_module
app\api\__init__.py:5: in &lt;module&gt;
    from . import sim
app\api\sim.py:6: in &lt;module&gt;
    import uvicorn
E   ModuleNotFoundError: No module named 'uvicorn'</error></testcase><testcase classname="" name="tests.test_chat_stream_backend_error" time="0.000"><error message="collection failure">ImportError while importing test module 'F:\VS Code Workspace\Main\novapolis_agent\tests\test_chat_stream_backend_error.py'.
Hint: make sure your test modules/packages have valid Python names.
Traceback:
C:\Users\FloAu\AppData\Local\Programs\Python\Python313\Lib\importlib\__init__.py:88: in import_module
    return _bootstrap._gcd_import(name[level:], package, level)
           ^^^^^^^^^^^^^^^^^^^^^^^^^^^^^^^^^^^^^^^^^^^^^^^^^^^^
tests\test_chat_stream_backend_error.py:5: in &lt;module&gt;
    import app.api.chat as chat_module
app\api\__init__.py:5: in &lt;module&gt;
    from . import sim
app\api\sim.py:6: in &lt;module&gt;
    import uvicorn
E   ModuleNotFoundError: No module named 'uvicorn'</error></testcase><testcase classname="" name="tests.test_chat_stream_minimal_sse" time="0.000"><error message="collection failure">ImportError while importing test module 'F:\VS Code Workspace\Main\novapolis_agent\tests\test_chat_stream_minimal_sse.py'.
Hint: make sure your test modules/packages have valid Python names.
Traceback:
C:\Users\FloAu\AppData\Local\Programs\Python\Python313\Lib\importlib\__init__.py:88: in import_module
    return _bootstrap._gcd_import(name[level:], package, level)
           ^^^^^^^^^^^^^^^^^^^^^^^^^^^^^^^^^^^^^^^^^^^^^^^^^^^^
tests\test_chat_stream_minimal_sse.py:5: in &lt;module&gt;
    from app.core.settings import settings
app\core\settings.py:8: in &lt;module&gt;
    from pydantic_settings import BaseSettings, SettingsConfigDict
E   ModuleNotFoundError: No module named 'pydantic_settings'</error></testcase><testcase classname="" name="tests.test_chat_stream_sse" time="0.000"><error message="collection failure">ImportError while importing test module 'F:\VS Code Workspace\Main\novapolis_agent\tests\test_chat_stream_sse.py'.
Hint: make sure your test modules/packages have valid Python names.
Traceback:
C:\Users\FloAu\AppData\Local\Programs\Python\Python313\Lib\importlib\__init__.py:88: in import_module
    return _bootstrap._gcd_import(name[level:], package, level)
           ^^^^^^^^^^^^^^^^^^^^^^^^^^^^^^^^^^^^^^^^^^^^^^^^^^^^
tests\test_chat_stream_sse.py:7: in &lt;module&gt;
    import app.api.chat as chat_module
app\api\__init__.py:5: in &lt;module&gt;
    from . import sim
app\api\sim.py:6: in &lt;module&gt;
    import uvicorn
E   ModuleNotFoundError: No module named 'uvicorn'</error></testcase><testcase classname="" name="tests.test_context_notes" time="0.000"><error message="collection failure">ImportError while importing test module 'F:\VS Code Workspace\Main\novapolis_agent\tests\test_context_notes.py'.
Hint: make sure your test modules/packages have valid Python names.
Traceback:
C:\Users\FloAu\AppData\Local\Programs\Python\Python313\Lib\importlib\__init__.py:88: in import_module
    return _bootstrap._gcd_import(name[level:], package, level)
           ^^^^^^^^^^^^^^^^^^^^^^^^^^^^^^^^^^^^^^^^^^^^^^^^^^^^
tests\test_context_notes.py:6: in &lt;module&gt;
    from app.api.chat import process_chat_request
app\api\__init__.py:5: in &lt;module&gt;
    from . import sim
app\api\sim.py:6: in &lt;module&gt;
    import uvicorn
E   ModuleNotFoundError: No module named 'uvicorn'</error></testcase><testcase classname="" name="tests.test_eval_mode" time="0.000"><error message="collection failure">ImportError while importing test module 'F:\VS Code Workspace\Main\novapolis_agent\tests\test_eval_mode.py'.
Hint: make sure your test modules/packages have valid Python names.
Traceback:
C:\Users\FloAu\AppData\Local\Programs\Python\Python313\Lib\importlib\__init__.py:88: in import_module
    return _bootstrap._gcd_import(name[level:], package, level)
           ^^^^^^^^^^^^^^^^^^^^^^^^^^^^^^^^^^^^^^^^^^^^^^^^^^^^
tests\test_eval_mode.py:5: in &lt;module&gt;
    from app.api.chat import process_chat_request
app\api\__init__.py:5: in &lt;module&gt;
    from . import sim
app\api\sim.py:6: in &lt;module&gt;
    import uvicorn
E   ModuleNotFoundError: No module named 'uvicorn'</error></testcase><testcase classname="" name="tests.test_input_length_and_rate_headers" time="0.000"><error message="collection failure">ImportError while importing test module 'F:\VS Code Workspace\Main\novapolis_agent\tests\test_input_length_and_rate_headers.py'.
Hint: make sure your test modules/packages have valid Python names.
Traceback:
C:\Users\FloAu\AppData\Local\Programs\Python\Python313\Lib\importlib\__init__.py:88: in import_module
    return _bootstrap._gcd_import(name[level:], package, level)
           ^^^^^^^^^^^^^^^^^^^^^^^^^^^^^^^^^^^^^^^^^^^^^^^^^^^^
tests\test_input_length_and_rate_headers.py:6: in &lt;module&gt;
    from fastapi.testclient import TestClient
E   ModuleNotFoundError: No module named 'fastapi'</error></testcase><testcase classname="" name="tests.test_llm_client_mock" time="0.000"><error message="collection failure">ImportError while importing test module 'F:\VS Code Workspace\Main\novapolis_agent\tests\test_llm_client_mock.py'.
Hint: make sure your test modules/packages have valid Python names.
Traceback:
C:\Users\FloAu\AppData\Local\Programs\Python\Python313\Lib\importlib\__init__.py:88: in import_module
    return _bootstrap._gcd_import(name[level:], package, level)
           ^^^^^^^^^^^^^^^^^^^^^^^^^^^^^^^^^^^^^^^^^^^^^^^^^^^^
tests\test_llm_client_mock.py:7: in &lt;module&gt;
    from app.api.models import ChatMessage, ChatResponse
app\api\__init__.py:5: in &lt;module&gt;
    from . import sim
app\api\sim.py:6: in &lt;module&gt;
    import uvicorn
E   ModuleNotFoundError: No module named 'uvicorn'</error></testcase><testcase classname="" name="tests.test_llm_service_error_paths" time="0.000"><error message="collection failure">ImportError while importing test module 'F:\VS Code Workspace\Main\novapolis_agent\tests\test_llm_service_error_paths.py'.
Hint: make sure your test modules/packages have valid Python names.
Traceback:
C:\Users\FloAu\AppData\Local\Programs\Python\Python313\Lib\importlib\__init__.py:88: in import_module
    return _bootstrap._gcd_import(name[level:], package, level)
           ^^^^^^^^^^^^^^^^^^^^^^^^^^^^^^^^^^^^^^^^^^^^^^^^^^^^
tests\test_llm_service_error_paths.py:7: in &lt;module&gt;
    from app.api.models import ChatMessage
app\api\__init__.py:5: in &lt;module&gt;
    from . import sim
app\api\sim.py:6: in &lt;module&gt;
    import uvicorn
E   ModuleNotFoundError: No module named 'uvicorn'</error></testcase><testcase classname="" name="tests.test_map_reduce_summary_llm" time="0.000"><error message="collection failure">ImportError while importing test module 'F:\VS Code Workspace\Main\novapolis_agent\tests\test_map_reduce_summary_llm.py'.
Hint: make sure your test modules/packages have valid Python names.
Traceback:
C:\Users\FloAu\AppData\Local\Programs\Python\Python313\Lib\importlib\__init__.py:88: in import_module
    return _bootstrap._gcd_import(name[level:], package, level)
           ^^^^^^^^^^^^^^^^^^^^^^^^^^^^^^^^^^^^^^^^^^^^^^^^^^^^
tests\test_map_reduce_summary_llm.py:5: in &lt;module&gt;
    import scripts.map_reduce_summary_llm as mr
scripts\map_reduce_summary_llm.py:88: in &lt;module&gt;
    from app.core.settings import settings  # noqa: E402
    ^^^^^^^^^^^^^^^^^^^^^^^^^^^^^^^^^^^^^^
app\core\settings.py:8: in &lt;module&gt;
    from pydantic_settings import BaseSettings, SettingsConfigDict
E   ModuleNotFoundError: No module named 'pydantic_settings'</error></testcase><testcase classname="" name="tests.test_memory_disabled" time="0.000"><error message="collection failure">ImportError while importing test module 'F:\VS Code Workspace\Main\novapolis_agent\tests\test_memory_disabled.py'.
Hint: make sure your test modules/packages have valid Python names.
Traceback:
C:\Users\FloAu\AppData\Local\Programs\Python\Python313\Lib\importlib\__init__.py:88: in import_module
    return _bootstrap._gcd_import(name[level:], package, level)
           ^^^^^^^^^^^^^^^^^^^^^^^^^^^^^^^^^^^^^^^^^^^^^^^^^^^^
tests\test_memory_disabled.py:1: in &lt;module&gt;
    from app.core.settings import settings
app\core\settings.py:8: in &lt;module&gt;
    from pydantic_settings import BaseSettings, SettingsConfigDict
E   ModuleNotFoundError: No module named 'pydantic_settings'</error></testcase><testcase classname="" name="tests.test_memory_injection_happy" time="0.000"><error message="collection failure">ImportError while importing test module 'F:\VS Code Workspace\Main\novapolis_agent\tests\test_memory_injection_happy.py'.
Hint: make sure your test modules/packages have valid Python names.
Traceback:
C:\Users\FloAu\AppData\Local\Programs\Python\Python313\Lib\importlib\__init__.py:88: in import_module
    return _bootstrap._gcd_import(name[level:], package, level)
           ^^^^^^^^^^^^^^^^^^^^^^^^^^^^^^^^^^^^^^^^^^^^^^^^^^^^
tests\test_memory_injection_happy.py:2: in &lt;module&gt;
    from app.core.settings import settings
app\core\settings.py:8: in &lt;module&gt;
    from pydantic_settings import BaseSettings, SettingsConfigDict
E   ModuleNotFoundError: No module named 'pydantic_settings'</error></testcase><testcase classname="" name="tests.test_memory_store_unit" time="0.000"><error message="collection failure">ImportError while importing test module 'F:\VS Code Workspace\Main\novapolis_agent\tests\test_memory_store_unit.py'.
Hint: make sure your test modules/packages have valid Python names.
Traceback:
C:\Users\FloAu\AppData\Local\Programs\Python\Python313\Lib\importlib\__init__.py:88: in import_module
    return _bootstrap._gcd_import(name[level:], package, level)
           ^^^^^^^^^^^^^^^^^^^^^^^^^^^^^^^^^^^^^^^^^^^^^^^^^^^^
tests\test_memory_store_unit.py:6: in &lt;module&gt;
    from app.core import memory
app\core\memory.py:10: in &lt;module&gt;
    from .settings import settings
app\core\settings.py:8: in &lt;module&gt;
    from pydantic_settings import BaseSettings, SettingsConfigDict
E   ModuleNotFoundError: No module named 'pydantic_settings'</error></testcase><testcase classname="" name="tests.test_memory_store_windows" time="0.000"><error message="collection failure">ImportError while importing test module 'F:\VS Code Workspace\Main\novapolis_agent\tests\test_memory_store_windows.py'.
Hint: make sure your test modules/packages have valid Python names.
Traceback:
C:\Users\FloAu\AppData\Local\Programs\Python\Python313\Lib\importlib\__init__.py:88: in import_module
    return _bootstrap._gcd_import(name[level:], package, level)
           ^^^^^^^^^^^^^^^^^^^^^^^^^^^^^^^^^^^^^^^^^^^^^^^^^^^^
tests\test_memory_store_windows.py:6: in &lt;module&gt;
    from app.core.memory import InMemoryStore, JsonlStore
app\core\memory.py:10: in &lt;module&gt;
    from .settings import settings
app\core\settings.py:8: in &lt;module&gt;
    from pydantic_settings import BaseSettings, SettingsConfigDict
E   ModuleNotFoundError: No module named 'pydantic_settings'</error></testcase><testcase classname="" name="tests.test_memory_streaming_append" time="0.000"><error message="collection failure">ImportError while importing test module 'F:\VS Code Workspace\Main\novapolis_agent\tests\test_memory_streaming_append.py'.
Hint: make sure your test modules/packages have valid Python names.
Traceback:
C:\Users\FloAu\AppData\Local\Programs\Python\Python313\Lib\importlib\__init__.py:88: in import_module
    return _bootstrap._gcd_import(name[level:], package, level)
           ^^^^^^^^^^^^^^^^^^^^^^^^^^^^^^^^^^^^^^^^^^^^^^^^^^^^
tests\test_memory_streaming_append.py:1: in &lt;module&gt;
    from app.core.settings import settings
app\core\settings.py:8: in &lt;module&gt;
    from pydantic_settings import BaseSettings, SettingsConfigDict
E   ModuleNotFoundError: No module named 'pydantic_settings'</error></testcase><testcase classname="" name="tests.test_messages_schema" time="0.000"><error message="collection failure">ImportError while importing test module 'F:\VS Code Workspace\Main\novapolis_agent\tests\test_messages_schema.py'.
Hint: make sure your test modules/packages have valid Python names.
Traceback:
C:\Users\FloAu\AppData\Local\Programs\Python\Python313\Lib\importlib\__init__.py:88: in import_module
    return _bootstrap._gcd_import(name[level:], package, level)
           ^^^^^^^^^^^^^^^^^^^^^^^^^^^^^^^^^^^^^^^^^^^^^^^^^^^^
tests\test_messages_schema.py:5: in &lt;module&gt;
    import app.api.chat as chat_module
app\api\__init__.py:5: in &lt;module&gt;
    from . import sim
app\api\sim.py:6: in &lt;module&gt;
    import uvicorn
E   ModuleNotFoundError: No module named 'uvicorn'</error></testcase><testcase classname="" name="tests.test_middleware_cors_and_settings" time="0.000"><error message="collection failure">ImportError while importing test module 'F:\VS Code Workspace\Main\novapolis_agent\tests\test_middleware_cors_and_settings.py'.
Hint: make sure your test modules/packages have valid Python names.
Traceback:
C:\Users\FloAu\AppData\Local\Programs\Python\Python313\Lib\importlib\__init__.py:88: in import_module
    return _bootstrap._gcd_import(name[level:], package, level)
           ^^^^^^^^^^^^^^^^^^^^^^^^^^^^^^^^^^^^^^^^^^^^^^^^^^^^
tests\test_middleware_cors_and_settings.py:6: in &lt;module&gt;
    from fastapi.testclient import TestClient
E   ModuleNotFoundError: No module named 'fastapi'</error></testcase><testcase classname="" name="tests.test_models_chat_options" time="0.000"><error message="collection failure">ImportError while importing test module 'F:\VS Code Workspace\Main\novapolis_agent\tests\test_models_chat_options.py'.
Hint: make sure your test modules/packages have valid Python names.
Traceback:
C:\Users\FloAu\AppData\Local\Programs\Python\Python313\Lib\importlib\__init__.py:88: in import_module
    return _bootstrap._gcd_import(name[level:], package, level)
           ^^^^^^^^^^^^^^^^^^^^^^^^^^^^^^^^^^^^^^^^^^^^^^^^^^^^
tests\test_models_chat_options.py:5: in &lt;module&gt;
    from app.api.models import ChatOptions, ChatRequest
app\api\__init__.py:5: in &lt;module&gt;
    from . import sim
app\api\sim.py:6: in &lt;module&gt;
    import uvicorn
E   ModuleNotFoundError: No module named 'uvicorn'</error></testcase><testcase classname="" name="tests.test_ollama_options_smoke" time="0.000"><error message="collection failure">ImportError while importing test module 'F:\VS Code Workspace\Main\novapolis_agent\tests\test_ollama_options_smoke.py'.
Hint: make sure your test modules/packages have valid Python names.
Traceback:
C:\Users\FloAu\AppData\Local\Programs\Python\Python313\Lib\importlib\__init__.py:88: in import_module
    return _bootstrap._gcd_import(name[level:], package, level)
           ^^^^^^^^^^^^^^^^^^^^^^^^^^^^^^^^^^^^^^^^^^^^^^^^^^^^
tests\test_ollama_options_smoke.py:5: in &lt;module&gt;
    from app.api.chat_helpers import normalize_ollama_options
app\api\__init__.py:5: in &lt;module&gt;
    from . import sim
app\api\sim.py:6: in &lt;module&gt;
    import uvicorn
E   ModuleNotFoundError: No module named 'uvicorn'</error></testcase><testcase classname="" name="tests.test_options_validation" time="0.000"><error message="collection failure">ImportError while importing test module 'F:\VS Code Workspace\Main\novapolis_agent\tests\test_options_validation.py'.
Hint: make sure your test modules/packages have valid Python names.
Traceback:
C:\Users\FloAu\AppData\Local\Programs\Python\Python313\Lib\importlib\__init__.py:88: in import_module
    return _bootstrap._gcd_import(name[level:], package, level)
           ^^^^^^^^^^^^^^^^^^^^^^^^^^^^^^^^^^^^^^^^^^^^^^^^^^^^
tests\test_options_validation.py:4: in &lt;module&gt;
    from app.api.chat_helpers import normalize_ollama_options
app\api\__init__.py:5: in &lt;module&gt;
    from . import sim
app\api\sim.py:6: in &lt;module&gt;
    import uvicorn
E   ModuleNotFoundError: No module named 'uvicorn'</error></testcase><testcase classname="" name="tests.test_policy_stream_post_allow" time="0.000"><error message="collection failure">ImportError while importing test module 'F:\VS Code Workspace\Main\novapolis_agent\tests\test_policy_stream_post_allow.py'.
Hint: make sure your test modules/packages have valid Python names.
Traceback:
C:\Users\FloAu\AppData\Local\Programs\Python\Python313\Lib\importlib\__init__.py:88: in import_module
    return _bootstrap._gcd_import(name[level:], package, level)
           ^^^^^^^^^^^^^^^^^^^^^^^^^^^^^^^^^^^^^^^^^^^^^^^^^^^^
tests\test_policy_stream_post_allow.py:6: in &lt;module&gt;
    import app.api.chat as chat_module
app\api\__init__.py:5: in &lt;module&gt;
    from . import sim
app\api\sim.py:6: in &lt;module&gt;
    import uvicorn
E   ModuleNotFoundError: No module named 'uvicorn'</error></testcase><testcase classname="" name="tests.test_policy_stream_post_block_meta_only" time="0.000"><error message="collection failure">ImportError while importing test module 'F:\VS Code Workspace\Main\novapolis_agent\tests\test_policy_stream_post_block_meta_only.py'.
Hint: make sure your test modules/packages have valid Python names.
Traceback:
C:\Users\FloAu\AppData\Local\Programs\Python\Python313\Lib\importlib\__init__.py:88: in import_module
    return _bootstrap._gcd_import(name[level:], package, level)
           ^^^^^^^^^^^^^^^^^^^^^^^^^^^^^^^^^^^^^^^^^^^^^^^^^^^^
tests\test_policy_stream_post_block_meta_only.py:6: in &lt;module&gt;
    import app.api.chat as chat_module
app\api\__init__.py:5: in &lt;module&gt;
    from . import sim
app\api\sim.py:6: in &lt;module&gt;
    import uvicorn
E   ModuleNotFoundError: No module named 'uvicorn'</error></testcase><testcase classname="" name="tests.test_policy_stream_post_eval_rewrite" time="0.000"><error message="collection failure">ImportError while importing test module 'F:\VS Code Workspace\Main\novapolis_agent\tests\test_policy_stream_post_eval_rewrite.py'.
Hint: make sure your test modules/packages have valid Python names.
Traceback:
C:\Users\FloAu\AppData\Local\Programs\Python\Python313\Lib\importlib\__init__.py:88: in import_module
    return _bootstrap._gcd_import(name[level:], package, level)
           ^^^^^^^^^^^^^^^^^^^^^^^^^^^^^^^^^^^^^^^^^^^^^^^^^^^^
tests\test_policy_stream_post_eval_rewrite.py:6: in &lt;module&gt;
    import app.api.chat as chat_module
app\api\__init__.py:5: in &lt;module&gt;
    from . import sim
app\api\sim.py:6: in &lt;module&gt;
    import uvicorn
E   ModuleNotFoundError: No module named 'uvicorn'</error></testcase><testcase classname="" name="tests.test_policy_stream_post_memory_persist" time="0.000"><error message="collection failure">ImportError while importing test module 'F:\VS Code Workspace\Main\novapolis_agent\tests\test_policy_stream_post_memory_persist.py'.
Hint: make sure your test modules/packages have valid Python names.
Traceback:
C:\Users\FloAu\AppData\Local\Programs\Python\Python313\Lib\importlib\__init__.py:88: in import_module
    return _bootstrap._gcd_import(name[level:], package, level)
           ^^^^^^^^^^^^^^^^^^^^^^^^^^^^^^^^^^^^^^^^^^^^^^^^^^^^
tests\test_policy_stream_post_memory_persist.py:7: in &lt;module&gt;
    import app.api.chat as chat_module
app\api\__init__.py:5: in &lt;module&gt;
    from . import sim
app\api\sim.py:6: in &lt;module&gt;
    import uvicorn
E   ModuleNotFoundError: No module named 'uvicorn'</error></testcase><testcase classname="" name="tests.test_policy_stream_post_rewrite" time="0.000"><error message="collection failure">ImportError while importing test module 'F:\VS Code Workspace\Main\novapolis_agent\tests\test_policy_stream_post_rewrite.py'.
Hint: make sure your test modules/packages have valid Python names.
Traceback:
C:\Users\FloAu\AppData\Local\Programs\Python\Python313\Lib\importlib\__init__.py:88: in import_module
    return _bootstrap._gcd_import(name[level:], package, level)
           ^^^^^^^^^^^^^^^^^^^^^^^^^^^^^^^^^^^^^^^^^^^^^^^^^^^^
tests\test_policy_stream_post_rewrite.py:7: in &lt;module&gt;
    import app.api.chat as chat_module
app\api\__init__.py:5: in &lt;module&gt;
    from . import sim
app\api\sim.py:6: in &lt;module&gt;
    import uvicorn
E   ModuleNotFoundError: No module named 'uvicorn'</error></testcase><testcase classname="" name="tests.test_prompt_modes" time="0.000"><error message="collection failure">ImportError while importing test module 'F:\VS Code Workspace\Main\novapolis_agent\tests\test_prompt_modes.py'.
Hint: make sure your test modules/packages have valid Python names.
Traceback:
C:\Users\FloAu\AppData\Local\Programs\Python\Python313\Lib\importlib\__init__.py:88: in import_module
    return _bootstrap._gcd_import(name[level:], package, level)
           ^^^^^^^^^^^^^^^^^^^^^^^^^^^^^^^^^^^^^^^^^^^^^^^^^^^^
tests\test_prompt_modes.py:6: in &lt;module&gt;
    from app.api.chat import process_chat_request
app\api\__init__.py:5: in &lt;module&gt;
    from . import sim
app\api\sim.py:6: in &lt;module&gt;
    import uvicorn
E   ModuleNotFoundError: No module named 'uvicorn'</error></testcase><testcase classname="" name="tests.test_rag_guards" time="0.000"><error message="collection failure">ImportError while importing test module 'F:\VS Code Workspace\Main\novapolis_agent\tests\test_rag_guards.py'.
Hint: make sure your test modules/packages have valid Python names.
Traceback:
C:\Users\FloAu\AppData\Local\Programs\Python\Python313\Lib\importlib\__init__.py:88: in import_module
    return _bootstrap._gcd_import(name[level:], package, level)
           ^^^^^^^^^^^^^^^^^^^^^^^^^^^^^^^^^^^^^^^^^^^^^^^^^^^^
tests\test_rag_guards.py:5: in &lt;module&gt;
    import app.api.chat as chat_module
app\api\__init__.py:5: in &lt;module&gt;
    from . import sim
app\api\sim.py:6: in &lt;module&gt;
    import uvicorn
E   ModuleNotFoundError: No module named 'uvicorn'</error></testcase><testcase classname="" name="tests.test_rate_limit_and_timeout" time="0.000"><error message="collection failure">ImportError while importing test module 'F:\VS Code Workspace\Main\novapolis_agent\tests\test_rate_limit_and_timeout.py'.
Hint: make sure your test modules/packages have valid Python names.
Traceback:
C:\Users\FloAu\AppData\Local\Programs\Python\Python313\Lib\importlib\__init__.py:88: in import_module
    return _bootstrap._gcd_import(name[level:], package, level)
           ^^^^^^^^^^^^^^^^^^^^^^^^^^^^^^^^^^^^^^^^^^^^^^^^^^^^
tests\test_rate_limit_and_timeout.py:8: in &lt;module&gt;
    from fastapi.testclient import TestClient
E   ModuleNotFoundError: No module named 'fastapi'</error></testcase><testcase classname="" name="tests.test_session_id_coercion" time="0.000"><error message="collection failure">ImportError while importing test module 'F:\VS Code Workspace\Main\novapolis_agent\tests\test_session_id_coercion.py'.
Hint: make sure your test modules/packages have valid Python names.
Traceback:
C:\Users\FloAu\AppData\Local\Programs\Python\Python313\Lib\importlib\__init__.py:88: in import_module
    return _bootstrap._gcd_import(name[level:], package, level)
           ^^^^^^^^^^^^^^^^^^^^^^^^^^^^^^^^^^^^^^^^^^^^^^^^^^^^
tests\test_session_id_coercion.py:1: in &lt;module&gt;
    from app.core.settings import settings
app\core\settings.py:8: in &lt;module&gt;
    from pydantic_settings import BaseSettings, SettingsConfigDict
E   ModuleNotFoundError: No module named 'pydantic_settings'</error></testcase><testcase classname="" name="tests.test_settings_parsing" time="0.000"><error message="collection failure">ImportError while importing test module 'F:\VS Code Workspace\Main\novapolis_agent\tests\test_settings_parsing.py'.
Hint: make sure your test modules/packages have valid Python names.
Traceback:
C:\Users\FloAu\AppData\Local\Programs\Python\Python313\Lib\importlib\__init__.py:88: in import_module
    return _bootstrap._gcd_import(name[level:], package, level)
           ^^^^^^^^^^^^^^^^^^^^^^^^^^^^^^^^^^^^^^^^^^^^^^^^^^^^
tests\test_settings_parsing.py:5: in &lt;module&gt;
    from app.core import settings as settings_module
app\core\settings.py:8: in &lt;module&gt;
    from pydantic_settings import BaseSettings, SettingsConfigDict
E   ModuleNotFoundError: No module named 'pydantic_settings'</error></testcase><testcase classname="" name="tests.test_streaming_error_paths" time="0.000"><error message="collection failure">ImportError while importing test module 'F:\VS Code Workspace\Main\novapolis_agent\tests\test_streaming_error_paths.py'.
Hint: make sure your test modules/packages have valid Python names.
Traceback:
C:\Users\FloAu\AppData\Local\Programs\Python\Python313\Lib\importlib\__init__.py:88: in import_module
    return _bootstrap._gcd_import(name[level:], package, level)
           ^^^^^^^^^^^^^^^^^^^^^^^^^^^^^^^^^^^^^^^^^^^^^^^^^^^^
tests\test_streaming_error_paths.py:5: in &lt;module&gt;
    import app.api.chat as chat_module
app\api\__init__.py:5: in &lt;module&gt;
    from . import sim
app\api\sim.py:6: in &lt;module&gt;
    import uvicorn
E   ModuleNotFoundError: No module named 'uvicorn'</error></testcase><testcase classname="" name="tests.test_streaming_fallback_and_request_id" time="0.000"><error message="collection failure">ImportError while importing test module 'F:\VS Code Workspace\Main\novapolis_agent\tests\test_streaming_fallback_and_request_id.py'.
Hint: make sure your test modules/packages have valid Python names.
Traceback:
C:\Users\FloAu\AppData\Local\Programs\Python\Python313\Lib\importlib\__init__.py:88: in import_module
    return _bootstrap._gcd_import(name[level:], package, level)
           ^^^^^^^^^^^^^^^^^^^^^^^^^^^^^^^^^^^^^^^^^^^^^^^^^^^^
tests\test_streaming_fallback_and_request_id.py:7: in &lt;module&gt;
    import app.api.chat as chat_module
app\api\__init__.py:5: in &lt;module&gt;
    from . import sim
app\api\sim.py:6: in &lt;module&gt;
    import uvicorn
E   ModuleNotFoundError: No module named 'uvicorn'</error></testcase><testcase classname="" name="tests.test_streaming_initial_meta" time="0.000"><error message="collection failure">ImportError while importing test module 'F:\VS Code Workspace\Main\novapolis_agent\tests\test_streaming_initial_meta.py'.
Hint: make sure your test modules/packages have valid Python names.
Traceback:
C:\Users\FloAu\AppData\Local\Programs\Python\Python313\Lib\importlib\__init__.py:88: in import_module
    return _bootstrap._gcd_import(name[level:], package, level)
           ^^^^^^^^^^^^^^^^^^^^^^^^^^^^^^^^^^^^^^^^^^^^^^^^^^^^
tests\test_streaming_initial_meta.py:7: in &lt;module&gt;
    import app.api.chat as chat_module
app\api\__init__.py:5: in &lt;module&gt;
    from . import sim
app\api\sim.py:6: in &lt;module&gt;
    import uvicorn
E   ModuleNotFoundError: No module named 'uvicorn'</error></testcase></testsuite></testsuites>