<?xml version="1.0" encoding="utf-8"?><testsuites name="pytest tests"><testsuite name="pytest" errors="0" failures="0" skipped="1" tests="299" time="45.880" timestamp="2025-11-14T20:50:23.014775+01:00" hostname="DESKTOP-K4QP85G"><testcase classname="tests.scripts.test_append_done_additional" name="test_get_author_prefers_git" time="0.004" /><testcase classname="tests.scripts.test_append_done_additional" name="test_get_author_fallback_to_env" time="0.001" /><testcase classname="tests.scripts.test_append_done_additional" name="test_append_done_adds_timezone_header" time="0.012" /><testcase classname="tests.scripts.test_append_done_additional" name="test_append_done_fallback_without_time_utils" time="0.004" /><testcase classname="tests.scripts.test_append_done_error_path" name="test_append_done_invalid_args" time="0.003" /><testcase classname="tests.scripts.test_append_done_smoke" name="test_append_done_writes_line" time="0.004" /><testcase classname="tests.scripts.test_audit_workspace_fallbacks" name="test_to_module_name_cross_drive_fallback" time="0.006" /><testcase classname="tests.scripts.test_curate_dataset_filters_empty" name="test_curate_filters_exclude_all" time="0.021" /><testcase classname="tests.scripts.test_curate_dataset_filters_positive" name="test_curate_filters_keep_one" time="0.012" /><testcase classname="tests.scripts.test_curate_dataset_from_latest_minimal" name="test_curate_minimal_flow" time="0.009" /><testcase classname="tests.scripts.test_customize_prompts_io_and_cli" name="test_customize_prompts_create_rules_and_io" time="0.008" /><testcase classname="tests.scripts.test_customize_prompts_io_and_cli" name="test_customize_prompts_main_help" time="0.003" /><testcase classname="tests.scripts.test_customize_prompts_smoke" name="test_customize_prompts_create_rules" time="0.006" /><testcase classname="tests.scripts.test_customize_prompts_unrestricted" name="test_customize_unrestricted_prompt_updates_file" time="0.009" /><testcase classname="tests.scripts.test_customize_prompts_unrestricted" name="test_customize_unrestricted_prompt_keyboard_interrupt" time="0.006" /><testcase classname="tests.scripts.test_dependency_check_prompt_refs" name="test_dependency_check_prompt_reference_scan_runs" time="0.003" /><testcase classname="tests.scripts.test_eval_failure_report" name="test_compute_failure_summary_counts_and_terms" time="0.003" /><testcase classname="tests.scripts.test_eval_runner_overrides" name="test_resolve_profile_overrides_defaults_eval_profile" time="0.001" /><testcase classname="tests.scripts.test_eval_runner_overrides" name="test_resolve_profile_overrides_preserve_manual_values" time="0.001" /><testcase classname="tests.scripts.test_eval_runner_overrides" name="test_normalize_checks_alias_and_commas" time="0.001" /><testcase classname="tests.scripts.test_eval_ui_helpers_smoke" name="test_eval_ui_list_and_profiles" time="0.014" /><testcase classname="tests.scripts.test_eval_ui_trends_smoke" name="test_eval_ui_meta_and_results_parsing" time="0.005" /><testcase classname="tests.scripts.test_export_and_prepare_pipeline_alpaca" name="test_export_alpaca_and_prepare_pack" time="0.018" /><testcase classname="tests.scripts.test_export_and_rerun_missing_cases" name="test_export_finetune_no_rows_returns_error" time="0.005" /><testcase classname="tests.scripts.test_export_and_rerun_missing_cases" name="test_rerun_failed_missing_items_in_datasets" time="0.009" /><testcase classname="tests.scripts.test_export_finetune_edges" name="test_export_filters_failures_by_default" time="0.010" /><testcase classname="tests.scripts.test_export_finetune_edges" name="test_export_includes_failures_when_requested" time="0.012" /><testcase classname="tests.scripts.test_export_finetune_fallback_outdir" name="test_outdir_none_settings_import_failure" time="0.008" /><testcase classname="tests.scripts.test_export_finetune_more_edges" name="test_export_alpaca_instruction_and_input_split" time="0.009" /><testcase classname="tests.scripts.test_export_finetune_more_edges" name="test_export_out_dir_none_uses_settings_fallback" time="0.008" /><testcase classname="tests.scripts.test_export_finetune_more_edges" name="test_export_skips_unmapped_item" time="0.007" /><testcase classname="tests.scripts.test_export_finetune_openai_chat" name="test_openai_chat_include_failures" time="0.010" /><testcase classname="tests.scripts.test_fine_tune_pipeline_edges" name="test_pipeline_no_train_file_returns_2" time="0.006" /><testcase classname="tests.scripts.test_fine_tune_pipeline_edges" name="test_pipeline_model_guard_denies_non_free" time="0.005" /><testcase classname="tests.scripts.test_fine_tune_pipeline_edges" name="test_pipeline_env_check_blocks_missing_packages" time="0.007" /><testcase classname="tests.scripts.test_fine_tune_pipeline_happy" name="test_pipeline_happy_path" time="0.005" /><testcase classname="tests.scripts.test_fine_tune_pipeline_interrupt_and_fp16" name="test_pipeline_keyboard_interrupt" time="0.005" /><testcase classname="tests.scripts.test_fine_tune_pipeline_interrupt_and_fp16" name="test_pipeline_fp16_flag" time="0.005" /><testcase classname="tests.scripts.test_fine_tune_pipeline_smoke" name="test_fine_tune_pipeline_no_check_with_dummy_train" time="10.950" /><testcase classname="tests.scripts.test_map_reduce_summary_heuristic_min" name="test_map_reduce_summary_heuristic_only" time="0.012" /><testcase classname="tests.scripts.test_map_reduce_summary_json_modes" name="test_summarize_json_and_jsonl" time="0.010" /><testcase classname="tests.scripts.test_map_reduce_summary_llm_smoke" name="test_map_reduce_summary_llm_heuristic_only" time="0.013" /><testcase classname="tests.scripts.test_map_reduce_summary_markdown_and_excludes" name="test_summarize_markdown_and_merge" time="0.010" /><testcase classname="tests.scripts.test_map_reduce_summary_markdown_and_excludes" name="test_walk_scope_excludes_dirs" time="0.012" /><testcase classname="tests.scripts.test_map_reduce_summary_python_and_json" name="test_summarize_python_ast" time="0.021" /><testcase classname="tests.scripts.test_map_reduce_summary_python_and_json" name="test_summarize_json_and_jsonl" time="0.016" /><testcase classname="tests.scripts.test_migrate_dataset_schemas_edges" name="test_migrate_dataset_schemas_empty_and_missing" time="0.016" /><testcase classname="tests.scripts.test_migrate_dataset_schemas_edges" name="test_migrate_dataset_schemas_jsonl_no_entries" time="0.007" /><testcase classname="tests.scripts.test_migrate_dataset_schemas_happy" name="test_migrate_demo_dataset_happy" time="0.023" /><testcase classname="tests.scripts.test_open_context_notes" name="test_ensure_file_uses_sample_if_present" time="0.008" /><testcase classname="tests.scripts.test_open_context_notes" name="test_ensure_file_creates_default_when_missing" time="0.005" /><testcase classname="tests.scripts.test_open_context_notes" name="test_pick_target_prefers_existing" time="0.005" /><testcase classname="tests.scripts.test_open_context_notes" name="test_pick_target_returns_default_for_empty_list" time="0.001" /><testcase classname="tests.scripts.test_open_context_notes" name="test_open_file_uses_webbrowser" time="0.001" /><testcase classname="tests.scripts.test_open_context_notes" name="test_open_file_windows_startfile" time="0.002" /><testcase classname="tests.scripts.test_open_context_notes" name="test_open_file_linux_fallback" time="0.001" /><testcase classname="tests.scripts.test_open_context_notes" name="test_ensure_file_recovers_when_sample_read_fails" time="0.006" /><testcase classname="tests.scripts.test_open_context_notes" name="test_main_success" time="0.007" /><testcase classname="tests.scripts.test_open_context_notes" name="test_main_reports_error" time="0.008" /><testcase classname="tests.scripts.test_open_context_notes_happy" name="test_open_context_notes_happy" time="0.007" /><testcase classname="tests.scripts.test_open_context_notes_main_smoke" name="test_open_context_notes_main_with_mock" time="0.039" /><testcase classname="tests.scripts.test_open_context_notes_more_edges" name="test_open_context_notes_open_failure" time="0.035" /><testcase classname="tests.scripts.test_open_context_notes_more_edges" name="test_open_context_notes_ensure_with_sample" time="0.016" /><testcase classname="tests.scripts.test_open_latest_summary" name="test_find_latest_summary_selects_newest" time="0.014" /><testcase classname="tests.scripts.test_open_latest_summary" name="test_find_latest_summary_handles_missing_dir" time="0.008" /><testcase classname="tests.scripts.test_open_latest_summary" name="test_open_file_uses_webbrowser" time="0.007" /><testcase classname="tests.scripts.test_open_latest_summary" name="test_open_file_windows_fallback" time="0.011" /><testcase classname="tests.scripts.test_open_latest_summary" name="test_open_file_linux_fallback" time="0.005" /><testcase classname="tests.scripts.test_open_latest_summary" name="test_main_prints_path_when_requested" time="0.009" /><testcase classname="tests.scripts.test_open_latest_summary" name="test_main_opens_file_when_available" time="0.005" /><testcase classname="tests.scripts.test_open_latest_summary" name="test_main_reports_missing_directory" time="0.007" /><testcase classname="tests.scripts.test_open_latest_summary_edges" name="test_open_latest_summary_empty_dir" time="0.009" /><testcase classname="tests.scripts.test_open_latest_summary_open_mock" name="test_open_latest_summary_opened" time="0.009" /><testcase classname="tests.scripts.test_open_latest_summary_open_path" name="test_open_latest_summary_opens_latest" time="0.016" /><testcase classname="tests.scripts.test_open_latest_summary_paths" name="test_open_latest_summary_error_when_missing" time="0.007" /><testcase classname="tests.scripts.test_open_latest_summary_paths" name="test_open_latest_summary_happy_print" time="0.007" /><testcase classname="tests.scripts.test_open_latest_summary_smoke" name="test_open_latest_summary_print_only" time="0.008" /><testcase classname="tests.scripts.test_openai_finetune_smoke" name="test_openai_finetune_validate_only" time="0.013" /><testcase classname="tests.scripts.test_openai_finetune_smoke" name="test_openai_finetune_start_with_mock_client" time="0.007" /><testcase classname="tests.scripts.test_openai_ft_status_stubbed" name="test_openai_ft_status_no_follow" time="0.009" /><testcase classname="tests.scripts.test_openai_ft_status_stubbed" name="test_openai_ft_status_follow_terminates" time="0.003" /><testcase classname="tests.scripts.test_prepare_pack_smoke" name="test_prepare_pack_smoke" time="0.002"><skipped type="pytest.skip" message="Missing export file: F:\VS Code Workspace\Main\novapolis_agent\eval\results\finetune\exports\openai_chat.jsonl">F:\VS Code Workspace\Main\novapolis_agent\tests\scripts\test_prepare_pack_smoke.py:30: Missing export file: F:\VS Code Workspace\Main\novapolis_agent\eval\results\finetune\exports\openai_chat.jsonl</skipped></testcase><testcase classname="tests.scripts.test_quick_eval_main_stubbed" name="test_quick_eval_main_with_stub" time="0.003" /><testcase classname="tests.scripts.test_rerun_failed_json_array" name="test_rerun_failed_with_json_array" time="0.016" /><testcase classname="tests.scripts.test_rerun_failed_no_results" name="test_rerun_failed_no_results" time="0.007" /><testcase classname="tests.scripts.test_rerun_failed_only_success" name="test_rerun_failed_only_success_returns_zero" time="0.008" /><testcase classname="tests.scripts.test_rerun_failed_smoke" name="test_rerun_failed_creates_tmp_dataset" time="0.012" /><testcase classname="tests.scripts.test_run_eval_cli_hint" name="test_cli_like_asgi_smoke_with_hint" time="0.012" /><testcase classname="tests.scripts.test_run_eval_hint_injection" name="test_inject_eval_hint_inserts_before_first_user" time="0.001" /><testcase classname="tests.scripts.test_run_eval_hint_injection" name="test_inject_eval_hint_is_idempotent_on_retry" time="0.001" /><testcase classname="tests.scripts.test_run_eval_hint_terms" name="test_compute_hint_terms_priority_dedupe_lower_cap" time="0.001" /><testcase classname="tests.scripts.test_run_eval_no_files_smoke" name="test_run_eval_load_evaluation_items_no_files" time="0.006" /><testcase classname="tests.scripts.test_run_eval_term_helpers" name="test_get_term_variants_basic" time="0.001" /><testcase classname="tests.scripts.test_run_eval_term_helpers" name="test_check_term_inclusion_with_variants_and_synonyms" time="0.001" /><testcase classname="tests.scripts.test_run_tests_error_path" name="test_run_tests_returns_127_on_missing_pytest" time="0.003" /><testcase classname="tests.scripts.test_run_tests_script_smoke" name="test_run_tests_main_mocks_subprocess" time="0.002" /><testcase classname="tests.scripts.test_todo_gather_smoke" name="test_todo_gather_write_md" time="0.010" /><testcase classname="tests.test_api_chat_internal_branches" name="test_stream_chat_enriches_messages_and_rewrites" time="0.004" /><testcase classname="tests.test_api_chat_internal_branches" name="test_stream_chat_policy_block" time="0.018" /><testcase classname="tests.test_api_chat_internal_branches" name="test_process_chat_request_rewrite_and_memory" time="0.014" /><testcase classname="tests.test_api_chat_internal_branches" name="test_process_chat_request_policy_post_block" time="0.016" /><testcase classname="tests.test_api_chat_internal_branches" name="test_process_chat_request_error_path_records_abort" time="0.016" /><testcase classname="tests.test_api_health" name="test_health_endpoint_returns_ok" time="0.027" /><testcase classname="tests.test_api_sim_state" name="test_sim_world_state_reset_and_step" time="0.002" /><testcase classname="tests.test_api_sim_state" name="test_sim_reset_clears_state" time="0.001" /><testcase classname="tests.test_app_404_request_id" name="test_404_has_request_id_header" time="0.007" /><testcase classname="tests.test_app_chat_post_error" name="test_chat_post_internal_error_sets_header" time="0.011" /><testcase classname="tests.test_app_chat_post_happy" name="test_chat_post_endpoint_happy" time="0.020" /><testcase classname="tests.test_app_chat_post_internal_error" name="test_chat_post_endpoint_internal_error" time="0.052" /><testcase classname="tests.test_app_chat_stream_error" name="test_chat_stream_internal_error_headers" time="0.011" /><testcase classname="tests.test_app_docs_available" name="test_docs_served" time="0.018" /><testcase classname="tests.test_app_health_request_id" name="test_health_has_request_id_header" time="0.008" /><testcase classname="tests.test_app_rate_limit_headers" name="test_rate_limit_headers_on_success" time="0.047" /><testcase classname="tests.test_app_redoc_available" name="test_redoc_served" time="0.008" /><testcase classname="tests.test_app_request_id_on_400" name="test_request_id_header_on_400" time="0.078" /><testcase classname="tests.test_app_root_endpoint" name="test_root_endpoint_basic" time="0.008" /><testcase classname="tests.test_app_root_message" name="test_root_endpoint_message_exact" time="0.008" /><testcase classname="tests.test_app_root_request_id" name="test_root_has_request_id_header" time="0.008" /><testcase classname="tests.test_app_version_endpoint" name="test_version_endpoint_basic" time="0.044" /><testcase classname="tests.test_app_version_endpoint" name="test_version_endpoint_env_overrides" time="0.040" /><testcase classname="tests.test_audit_workspace_reachability" name="test_audit_reachability_graph" time="0.014" /><testcase classname="tests.test_audit_workspace_references" name="test_audit_workspace_scan_text_references_positive" time="0.012" /><testcase classname="tests.test_audit_workspace_smoke" name="test_audit_workspace_runs_and_prints" time="0.012" /><testcase classname="tests.test_chai_checks" name="test_chai_example_response_passes_relaxed_checks" time="0.003" /><testcase classname="tests.test_chai_checks" name="test_synonyms_overlay_supports_empathie_variants" time="0.001" /><testcase classname="tests.test_chat_endpoint_prompt_injection" name="test_chat_injects_default_system_prompt" time="0.021" /><testcase classname="tests.test_chat_endpoint_prompt_injection" name="test_chat_injects_eval_system_prompt" time="0.022" /><testcase classname="tests.test_chat_endpoint_prompt_injection" name="test_chat_injects_unrestricted_system_prompt" time="0.021" /><testcase classname="tests.test_chat_helpers_and_options" name="test_chat_helpers_insert_system_prompt" time="0.001" /><testcase classname="tests.test_chat_helpers_and_options" name="test_process_chat_ignores_invalid_top_p" time="0.038" /><testcase classname="tests.test_chat_helpers_and_options" name="test_process_chat_uses_host_override" time="0.040" /><testcase classname="tests.test_chat_helpers_and_options" name="test_num_predict_invalid_string_clamps" time="0.045" /><testcase classname="tests.test_chat_helpers_and_options" name="test_stream_injects_eval_or_unrestricted_system_prompt" time="0.030" /><testcase classname="tests.test_chat_helpers_and_options" name="test_normalize_ollama_options_comprehensive" time="0.001" /><testcase classname="tests.test_chat_helpers_and_options" name="test_chat_helper_coercers_handle_invalid_inputs" time="0.001" /><testcase classname="tests.test_chat_options_and_context" name="test_chat_applies_top_p_and_temperature_cap" time="0.022" /><testcase classname="tests.test_chat_options_and_context" name="test_chat_injects_context_notes_when_enabled" time="0.011" /><testcase classname="tests.test_chat_prompts_and_options" name="test_prompt_selection_non_stream[False-False-1.0]" time="0.015" /><testcase classname="tests.test_chat_prompts_and_options" name="test_prompt_selection_non_stream[True-False-0.25]" time="0.017" /><testcase classname="tests.test_chat_prompts_and_options" name="test_prompt_selection_non_stream[False-True-1.0]" time="0.026" /><testcase classname="tests.test_chat_prompts_and_options" name="test_options_parsing_num_predict_and_top_p" time="0.018" /><testcase classname="tests.test_chat_prompts_and_options" name="test_context_notes_injection" time="0.010" /><testcase classname="tests.test_chat_stream_backend_error" name="test_chat_stream_backend_error" time="0.026" /><testcase classname="tests.test_chat_stream_minimal_sse" name="test_chat_stream_minimal_asgi" time="2.708" /><testcase classname="tests.test_chat_stream_sse" name="test_stream_chat_sends_sse_chunks_and_done" time="0.015" /><testcase classname="tests.test_chat_stream_sse" name="test_stream_chat_emits_delta_on_rewrite" time="0.016" /><testcase classname="tests.test_chat_stream_sse" name="test_stream_chat_yields_error_and_done" time="0.017" /><testcase classname="tests.test_chat_stream_sse" name="test_stream_chat_policy_block" time="0.013" /><testcase classname="tests.test_chat_stream_sse" name="test_stream_chat_appends_memory" time="0.015" /><testcase classname="tests.test_content_policy_file_basic" name="test_apply_pre_rewrite_and_block_from_file" time="0.005" /><testcase classname="tests.test_content_policy_file_basic" name="test_apply_post_rewrite_and_block_from_file" time="0.003" /><testcase classname="tests.test_content_policy_profiles" name="test_allow_path" time="0.003" /><testcase classname="tests.test_content_policy_profiles" name="test_rewrite_and_block_default" time="0.004" /><testcase classname="tests.test_content_policy_profiles" name="test_profile_merge_eval" time="0.004" /><testcase classname="tests.test_content_policy_profiles" name="test_unrestricted_bypass" time="0.004" /><testcase classname="tests.test_context_notes.TestContextNotes" name="test_injects_notes_when_enabled" time="0.035" /><testcase classname="tests.test_context_notes_order" name="test_directory_order_with_ORDER_file" time="0.007" /><testcase classname="tests.test_context_notes_order" name="test_directory_order_default_alphabetical" time="0.005" /><testcase classname="tests.test_context_notes_order" name="test_ignore_meta_files_and_normalize" time="0.006" /><testcase classname="tests.test_core_mode_unit" name="test_detect_requested_mode_from_messages[messages0-None]" time="0.001" /><testcase classname="tests.test_core_mode_unit" name="test_detect_requested_mode_from_messages[messages1-None]" time="0.001" /><testcase classname="tests.test_core_mode_unit" name="test_detect_requested_mode_from_messages[messages2-general]" time="0.001" /><testcase classname="tests.test_core_mode_unit" name="test_detect_requested_mode_from_messages[messages3-rpg]" time="0.001" /><testcase classname="tests.test_core_mode_unit" name="test_session_mode_store_expiry_and_eviction" time="0.001" /><testcase classname="tests.test_core_mode_unit" name="test_session_mode_store_ignores_missing_session" time="0.001" /><testcase classname="tests.test_core_mode_unit" name="test_resolve_mode_detects_and_persists" time="0.001" /><testcase classname="tests.test_core_mode_unit" name="test_resolve_mode_flags_and_persist_toggle" time="0.001" /><testcase classname="tests.test_curate_dataset_from_latest_smoke" name="test_curate_dataset_from_latest_smoke" time="0.014" /><testcase classname="tests.test_curate_filters_smoke" name="test_curation_filters_reduce_records" time="0.016" /><testcase classname="tests.test_customize_prompts_smoke" name="test_customize_prompts_help_path" time="0.003" /><testcase classname="tests.test_dependency_check_script" name="test_dependency_check_runs_and_reports_basic_info" time="0.024" /><testcase classname="tests.test_dependency_check_utils" name="test_coerce_json_to_jsonl_parses_array_and_object" time="0.001" /><testcase classname="tests.test_dependency_check_utils" name="test_coerce_json_to_jsonl_handles_jsonl_and_garbage" time="0.001" /><testcase classname="tests.test_docs_obsolete_absent" name="test_agent_prompt_is_deprecated_stub" time="0.001" /><testcase classname="tests.test_docs_obsolete_absent" name="test_no_nested_cvn_agent_dir_tracked" time="0.001" /><testcase classname="tests.test_estimate_tokens_script" name="test_estimate_tokens_is_text_and_count" time="0.006" /><testcase classname="tests.test_estimate_tokens_script" name="test_estimate_tokens_main_runs" time="3.071" /><testcase classname="tests.test_eval_cache_utils" name="test_make_key_stable_for_equivalent_dicts" time="0.001" /><testcase classname="tests.test_eval_cache_utils" name="test_eval_cache_put_get_persist" time="0.006" /><testcase classname="tests.test_eval_loader.TestEvalLoader" name="test_newer_file_wins_on_same_id" time="1.121" /><testcase classname="tests.test_eval_mode.TestEvalMode" name="test_eval_mode_overrides_system_prompt" time="0.025" /><testcase classname="tests.test_eval_post_rewrite_text" name="test_eval_post_rewrite_neutralize_basic" time="0.006" /><testcase classname="tests.test_eval_post_rewrite_text" name="test_eval_post_rewrite_limits" time="0.001" /><testcase classname="tests.test_export_and_prepare_alpaca_integration" name="test_export_alpaca_and_then_prepare_pack" time="0.014" /><testcase classname="tests.test_export_and_prepare_pipeline" name="test_export_openai_chat_and_prepare_pack" time="0.010" /><testcase classname="tests.test_export_finetune_script" name="test_export_finetune_openai_chat_with_patterns" time="0.011" /><testcase classname="tests.test_export_finetune_script" name="test_export_finetune_alpaca_includes_failures" time="0.009" /><testcase classname="tests.test_export_finetune_script" name="test_export_finetune_handles_empty_results" time="0.005" /><testcase classname="tests.test_export_finetune_script" name="test_first_user_message_helper" time="0.001" /><testcase classname="tests.test_fine_tune_pipeline_smoke" name="test_fine_tune_pipeline_minimal_flows" time="0.016" /><testcase classname="tests.test_generate_consistency_report_smoke" name="test_generate_consistency_report_creates_report" time="0.010" /><testcase classname="tests.test_generate_consistency_report_smoke" name="test_generate_consistency_report_write_files_empty" time="0.005" /><testcase classname="tests.test_input_length_and_rate_headers" name="test_chat_rejects_too_long_input" time="0.035" /><testcase classname="tests.test_input_length_and_rate_headers" name="test_rate_limit_429_includes_request_id_header" time="0.039" /><testcase classname="tests.test_llm_client_mock" name="test_generate_reply_with_mock_transport" time="0.003" /><testcase classname="tests.test_llm_service_error_paths" name="test_generate_reply_http_status_error" time="0.003" /><testcase classname="tests.test_llm_service_error_paths" name="test_generate_reply_request_error" time="0.003" /><testcase classname="tests.test_map_reduce_summary_llm" name="test_process_scope_llm_uses_stub" time="0.271" /><testcase classname="tests.test_map_reduce_summary_llm" name="test_process_scope_heuristic_minimal_fallback" time="0.007" /><testcase classname="tests.test_map_reduce_summary_scripts_smoke" name="test_map_reduce_summary_scripts_importable" time="0.001" /><testcase classname="tests.test_map_reduce_summary_smoke_minimal" name="test_map_reduce_summary_generates_outputs" time="0.011" /><testcase classname="tests.test_memory_disabled" name="test_memory_disabled" time="2.592" /><testcase classname="tests.test_memory_injection_happy" name="test_memory_injection_happy" time="5.207" /><testcase classname="tests.test_memory_store_unit" name="test_inmemory_store_trims_turns_and_chars" time="0.003" /><testcase classname="tests.test_memory_store_unit" name="test_jsonl_store_persists_and_filters" time="0.010" /><testcase classname="tests.test_memory_store_unit" name="test_compose_with_memory_variants" time="0.007" /><testcase classname="tests.test_memory_store_windows" name="test_inmemory_window_and_truncation" time="0.003" /><testcase classname="tests.test_memory_store_windows" name="test_jsonl_window_and_truncation" time="0.012" /><testcase classname="tests.test_memory_streaming_append" name="test_memory_streaming_append" time="2.599" /><testcase classname="tests.test_messages_schema" name="test_chatrequest_accepts_dict_messages" time="0.015" /><testcase classname="tests.test_messages_schema" name="test_chatrequest_accepts_object_messages" time="0.013" /><testcase classname="tests.test_middleware_cors_and_settings" name="test_rate_limit_exempt_and_trusted" time="0.072" /><testcase classname="tests.test_middleware_cors_and_settings" name="test_cors_headers_set" time="0.030" /><testcase classname="tests.test_middleware_cors_and_settings" name="test_settings_cors_validator_variants" time="0.039" /><testcase classname="tests.test_migrate_dataset_schemas_script" name="test_migrate_dataset_schemas_happy_path" time="0.008" /><testcase classname="tests.test_migration_schema.TestMigrationSchema" name="test_migrate_old_to_new_schema" time="0.006" /><testcase classname="tests.test_migration_schema.TestMigrationSchema" name="test_migration_empty_file_handling" time="0.003" /><testcase classname="tests.test_migration_schema.TestMigrationSchema" name="test_migration_idempotent" time="0.004" /><testcase classname="tests.test_models_chat_options" name="test_chat_options_schema_accepts_and_dumps" time="0.001" /><testcase classname="tests.test_models_chat_options" name="test_chat_options_allows_dict_backcompat" time="0.001" /><testcase classname="tests.test_models_chat_options" name="test_chat_request_message_coercion_handles_various_inputs" time="0.001" /><testcase classname="tests.test_module_exports" name="test_api_router_module_exists" time="0.002" /><testcase classname="tests.test_module_exports" name="test_prompt_and_router_packages_expose_all" time="0.003" /><testcase classname="tests.test_ollama_options_smoke" name="test_normalize_ollama_options_extended_fields" time="0.001" /><testcase classname="tests.test_ollama_options_smoke" name="test_eval_mode_caps_temperature" time="0.001" /><testcase classname="tests.test_open_context_notes_script" name="test_open_context_notes_pick_and_ensure" time="0.005" /><testcase classname="tests.test_open_context_notes_script" name="test_open_context_notes_main_opens" time="0.028" /><testcase classname="tests.test_open_latest_summary_smoke" name="test_open_latest_summary_find_and_print" time="0.007" /><testcase classname="tests.test_open_latest_summary_smoke" name="test_open_latest_summary_handles_missing" time="0.005" /><testcase classname="tests.test_open_latest_summary_smoke" name="test_open_file_prefers_webbrowser" time="0.005" /><testcase classname="tests.test_open_latest_summary_smoke" name="test_open_file_falls_back_to_system" time="0.005" /><testcase classname="tests.test_openai_ft_status_smoke" name="test_openai_ft_status_cli_parsing_and_key_check" time="0.008" /><testcase classname="tests.test_options_validation" name="test_normalize_includes_defaults_when_missing" time="0.001" /><testcase classname="tests.test_options_validation" name="test_stop_string_is_coerced_to_list" time="0.001" /><testcase classname="tests.test_options_validation" name="test_mirostat_and_clamping" time="0.001" /><testcase classname="tests.test_options_validation" name="test_eval_mode_caps_temperature" time="0.001" /><testcase classname="tests.test_policy_stream_post_allow" name="test_policy_stream_post_allow" time="0.014" /><testcase classname="tests.test_policy_stream_post_block_meta_only" name="test_policy_stream_post_block_meta_only" time="0.013" /><testcase classname="tests.test_policy_stream_post_eval_rewrite" name="test_policy_stream_post_eval_rewrite" time="0.019" /><testcase classname="tests.test_policy_stream_post_memory_persist" name="test_policy_stream_post_memory_persist" time="0.015" /><testcase classname="tests.test_policy_stream_post_rewrite" name="test_policy_stream_post_rewrite" time="0.014" /><testcase classname="tests.test_prepare_finetune_alpaca_edgecases" name="test_prepare_pack_alpaca_empty_outputs_filtered" time="0.006" /><testcase classname="tests.test_prepare_finetune_alpaca_edgecases" name="test_prepare_pack_alpaca_near_dup_threshold_extremes" time="0.008" /><testcase classname="tests.test_prepare_finetune_near_dup" name="test_near_duplicate_threshold_filters" time="0.008" /><testcase classname="tests.test_prepare_finetune_pack_extras" name="test_prepare_pack_dedupe_and_min_output" time="0.007" /><testcase classname="tests.test_prepare_finetune_pack_extras" name="test_prepare_pack_empty_or_all_filtered" time="0.007" /><testcase classname="tests.test_prepare_finetune_pack_nodedupe" name="test_prepare_pack_no_dedupe_counts" time="0.007" /><testcase classname="tests.test_prompt_modes.TestPromptModes" name="test_default_inserts_default_system_prompt" time="0.024" /><testcase classname="tests.test_prompt_modes.TestPromptModes" name="test_eval_overrides_system_prompt" time="0.026" /><testcase classname="tests.test_prompt_modes.TestPromptModes" name="test_unrestricted_overrides_system_prompt" time="0.025" /><testcase classname="tests.test_quick_eval_and_open_latest_summary_smoke" name="test_quick_eval_script_imports_and_runs_smoke" time="0.001" /><testcase classname="tests.test_quick_eval_and_open_latest_summary_smoke" name="test_open_latest_summary_import_smoke" time="0.001" /><testcase classname="tests.test_quick_eval_sanity" name="test_load_run_eval_module_minimal" time="0.001" /><testcase classname="tests.test_rag_guards" name="test_stream_rag_guard_does_not_require_index" time="0.011" /><testcase classname="tests.test_rag_guards" name="test_nonstream_rag_guard_does_not_require_index" time="0.012" /><testcase classname="tests.test_rag_unit" name="test_retrieve_ranking_and_top_k" time="0.006" /><testcase classname="tests.test_rag_unit" name="test_save_and_load_roundtrip" time="0.008" /><testcase classname="tests.test_rate_limit_and_timeout" name="test_rate_limit_blocks_after_capacity" time="0.045" /><testcase classname="tests.test_rate_limit_and_timeout" name="test_process_chat_timeout_returns_error_message" time="0.013" /><testcase classname="tests.test_rerun_failed_normalization" name="test_rerun_failed_handles_eval_prefix_normalization" time="0.010" /><testcase classname="tests.test_rerun_from_results_smoke" name="test_rerun_from_results_smoke" time="2.581" /><testcase classname="tests.test_rpg_heuristics.TestRPGHeuristics" name="test_rpg_style_check_behaves_by_package" time="0.018" /><testcase classname="tests.test_rpg_heuristics.TestRPGHeuristics" name="test_rpg_style_score_basic" time="0.014" /><testcase classname="tests.test_run_eval_import_smoke" name="test_run_eval_imports_smoke" time="0.001" /><testcase classname="tests.test_services_llm" name="test_generate_reply_success_and_errors" time="0.005" /><testcase classname="tests.test_services_llm" name="test_generate_completion_success" time="0.002" /><testcase classname="tests.test_services_llm" name="test_get_llm_options_parses_environment" time="0.001" /><testcase classname="tests.test_services_llm" name="test_system_message_helper" time="0.001" /><testcase classname="tests.test_services_llm" name="test_generate_completion_handles_exception" time="0.003" /><testcase classname="tests.test_session_id_coercion" name="test_session_id_coercion_top_level" time="2.571" /><testcase classname="tests.test_session_id_coercion" name="test_session_id_coercion_in_options" time="2.579" /><testcase classname="tests.test_settings_parsing" name="test_settings_parsing_from_env" time="0.026" /><testcase classname="tests.test_smoke_asgi_script" name="test_smoke_asgi_main_executes" time="3.003" /><testcase classname="tests.test_streaming_error_paths" name="test_stream_chat_emits_error_and_done_on_exception" time="0.016" /><testcase classname="tests.test_streaming_fallback_and_request_id" name="test_streaming_fallback_on_invalid_json" time="0.015" /><testcase classname="tests.test_streaming_fallback_and_request_id" name="test_request_id_header_propagation" time="0.052" /><testcase classname="tests.test_streaming_initial_meta" name="test_initial_meta_event_emitted" time="0.015" /><testcase classname="tests.test_synonyms_overlay" name="test_synonyms_overlay_merged_and_deduped" time="0.007" /><testcase classname="tests.test_synonyms_overlay" name="test_synonyms_overlay_missing_is_silent" time="0.005" /><testcase classname="tests.test_todo_gather_script_smoke" name="test_todo_gather_prints_summary" time="0.010" /><testcase classname="tests.test_todo_gather_script_smoke" name="test_todo_gather_write_md" time="0.009" /><testcase classname="tests.test_tools_basic" name="test_tools_whitelist_denies_by_default" time="0.023" /><testcase classname="tests.test_tools_basic" name="test_tools_whitelist_allows_listed" time="0.027" /><testcase classname="tests.test_tools_basic" name="test_tools_unknown_tool" time="0.025" /><testcase classname="tests.test_tools_registry" name="test_register_tool_validates_name" time="0.001" /><testcase classname="tests.test_tools_registry" name="test_is_allowed_respects_settings" time="0.001" /><testcase classname="tests.test_tools_registry" name="test_call_tool_covers_error_paths" time="0.001" /><testcase classname="tests.test_utils_context_and_summarize" name="test_load_context_notes_prefers_first_existing_and_truncates" time="0.004" /><testcase classname="tests.test_utils_context_and_summarize" name="test_summarize_helpers_basic" time="0.002" /><testcase classname="tests.test_utils_convlog" name="test_create_log_record_includes_optional_fields" time="0.001" /><testcase classname="tests.test_utils_convlog" name="test_log_turn_writes_jsonl" time="0.008" /><testcase classname="tests.test_utils_session_memory" name="test_session_memory_returns_copy" time="0.001" /><testcase classname="tests.test_utils_session_memory" name="test_session_memory_trims_messages_and_characters" time="0.001" /><testcase classname="tests.test_utils_summarize_edge_cases" name="test_extract_key_points_empty_and_markers" time="0.002" /><testcase classname="tests.test_utils_summarize_edge_cases" name="test_extract_key_points_fallback_uses_longest_sentences" time="0.001" /><testcase classname="tests.test_utils_summarize_edge_cases" name="test_create_simple_summary_truncation" time="0.001" /><testcase classname="tests.test_utils_summarize_edge_cases" name="test_summarize_turn_heuristic" time="0.001" /><testcase classname="tests.test_utils_summarize_edge_cases" name="test_summarize_turn_llm_path" time="0.001" /><testcase classname="tests.test_utils_summarize_edge_cases" name="test_llm_summarize_calls_helpers" time="0.002" /></testsuite></testsuites>